<?xml version="1.0" encoding="UTF-8" standalone="no"?>
<!DOCTYPE log SYSTEM "logger.dtd">
<log>
<record>
  <date>2019-09-11T09:58:57</date>
  <millis>1568210337271</millis>
  <sequence>0</sequence>
  <level>START</level>
  <class>com.kms.katalon.core.logging.XmlKeywordLogger</class>
  <method>startSuite</method>
  <thread>1</thread>
  <message>Start Test Suite : Test Suites/Salesforce Create Business Account</message>
  <nestedLevel>0</nestedLevel>
  <property name="name">Salesforce Create Business Account</property>
  <property name="description"></property>
  <property name="id">Test Suites/Salesforce Create Business Account</property>
</record>
<record>
  <date>2019-09-11T09:58:57</date>
  <millis>1568210337286</millis>
  <sequence>1</sequence>
  <level>RUN_DATA</level>
  <class>com.kms.katalon.core.logging.XmlKeywordLogger</class>
  <method>logMessage</method>
  <thread>1</thread>
  <message>hostName = TessemaT - TessemaT-WL01.ad.mris.com</message>
  <nestedLevel>0</nestedLevel>
  <property name="hostName">TessemaT - TessemaT-WL01.ad.mris.com</property>
</record>
<record>
  <date>2019-09-11T09:58:57</date>
  <millis>1568210337287</millis>
  <sequence>2</sequence>
  <level>RUN_DATA</level>
  <class>com.kms.katalon.core.logging.XmlKeywordLogger</class>
  <method>logMessage</method>
  <thread>1</thread>
  <message>os = Windows 10 64bit</message>
  <nestedLevel>0</nestedLevel>
  <property name="os">Windows 10 64bit</property>
</record>
<record>
  <date>2019-09-11T09:58:57</date>
  <millis>1568210337288</millis>
  <sequence>3</sequence>
  <level>RUN_DATA</level>
  <class>com.kms.katalon.core.logging.XmlKeywordLogger</class>
  <method>logMessage</method>
  <thread>1</thread>
  <message>hostAddress = 10.26.72.197</message>
  <nestedLevel>0</nestedLevel>
  <property name="hostAddress">10.26.72.197</property>
</record>
<record>
  <date>2019-09-11T09:58:57</date>
  <millis>1568210337289</millis>
  <sequence>4</sequence>
  <level>RUN_DATA</level>
  <class>com.kms.katalon.core.logging.XmlKeywordLogger</class>
  <method>logMessage</method>
  <thread>1</thread>
  <message>katalonVersion = 6.3.2.4</message>
  <nestedLevel>0</nestedLevel>
  <property name="katalonVersion">6.3.2.4</property>
</record>
<record>
  <date>2019-09-11T09:58:57</date>
  <millis>1568210337489</millis>
  <sequence>5</sequence>
  <level>START</level>
  <class>com.kms.katalon.core.logging.XmlKeywordLogger</class>
  <method>startTest</method>
  <thread>1</thread>
  <message>Start Test Case : Test Cases/Lightning Create a Business Account</message>
  <nestedLevel>1</nestedLevel>
  <property name="name">Test Cases/Lightning Create a Business Account</property>
  <property name="description"></property>
  <property name="id">Test Cases/Lightning Create a Business Account</property>
  <property name="source">C:\\Users\\TessemaT\\git\\Tsemre_KatalonTests\\Salesforce Create Business Account\\Test Cases\\Lightning Create a Business Account.tc</property>
  <property name="tag"></property>
  <property name="isOptional">false</property>
</record>
<record>
  <date>2019-09-11T09:58:57</date>
  <millis>1568210337903</millis>
  <sequence>7</sequence>
  <level>START</level>
  <class>com.kms.katalon.core.logging.XmlKeywordLogger</class>
  <method>startKeyword</method>
  <thread>1</thread>
  <message>Start action : options = new org.openqa.selenium.chrome.ChromeOptions()</message>
  <nestedLevel>1</nestedLevel>
  <property name="startLine">24</property>
  <property name="stepIndex">1</property>
</record>
<record>
  <date>2019-09-11T09:58:57</date>
  <millis>1568210337925</millis>
  <sequence>8</sequence>
  <level>END</level>
  <class>com.kms.katalon.core.logging.XmlKeywordLogger</class>
  <method>endKeyword</method>
  <thread>1</thread>
  <message>End action : options = new org.openqa.selenium.chrome.ChromeOptions()</message>
  <nestedLevel>1</nestedLevel>
</record>
<record>
  <date>2019-09-11T09:58:57</date>
  <millis>1568210337926</millis>
  <sequence>9</sequence>
  <level>START</level>
  <class>com.kms.katalon.core.logging.XmlKeywordLogger</class>
  <method>startKeyword</method>
  <thread>1</thread>
  <message>Start action : options.addArguments(\&amp;quot;--disable-notifications\&amp;quot;)</message>
  <nestedLevel>1</nestedLevel>
  <property name="startLine">25</property>
  <property name="stepIndex">2</property>
</record>
<record>
  <date>2019-09-11T09:58:57</date>
  <millis>1568210337959</millis>
  <sequence>10</sequence>
  <level>END</level>
  <class>com.kms.katalon.core.logging.XmlKeywordLogger</class>
  <method>endKeyword</method>
  <thread>1</thread>
  <message>End action : options.addArguments(\&amp;quot;--disable-notifications\&amp;quot;)</message>
  <nestedLevel>1</nestedLevel>
</record>
<record>
  <date>2019-09-11T09:58:57</date>
  <millis>1568210337959</millis>
  <sequence>11</sequence>
  <level>START</level>
  <class>com.kms.katalon.core.logging.XmlKeywordLogger</class>
  <method>startKeyword</method>
  <thread>1</thread>
  <message>Start action : System.setProperty(\&amp;quot;webdriver.chrome.driver\&amp;quot;, \&amp;quot;C:\\Users\\TessemaT\\Downloads\\chromedriver1\\chromedriver.exe\&amp;quot;)</message>
  <nestedLevel>1</nestedLevel>
  <property name="startLine">26</property>
  <property name="stepIndex">3</property>
</record>
<record>
  <date>2019-09-11T09:58:57</date>
  <millis>1568210337963</millis>
  <sequence>12</sequence>
  <level>END</level>
  <class>com.kms.katalon.core.logging.XmlKeywordLogger</class>
  <method>endKeyword</method>
  <thread>1</thread>
  <message>End action : System.setProperty(\&amp;quot;webdriver.chrome.driver\&amp;quot;, \&amp;quot;C:\\Users\\TessemaT\\Downloads\\chromedriver1\\chromedriver.exe\&amp;quot;)</message>
  <nestedLevel>1</nestedLevel>
</record>
<record>
  <date>2019-09-11T09:58:57</date>
  <millis>1568210337964</millis>
  <sequence>13</sequence>
  <level>START</level>
  <class>com.kms.katalon.core.logging.XmlKeywordLogger</class>
  <method>startKeyword</method>
  <thread>1</thread>
  <message>Start action : driver = new org.openqa.selenium.chrome.ChromeDriver()</message>
  <nestedLevel>1</nestedLevel>
  <property name="startLine">27</property>
  <property name="stepIndex">4</property>
</record>
<record>
  <date>2019-09-11T09:59:01</date>
  <millis>1568210341485</millis>
  <sequence>15</sequence>
  <level>END</level>
  <class>com.kms.katalon.core.logging.XmlKeywordLogger</class>
  <method>endKeyword</method>
  <thread>1</thread>
  <message>End action : driver = new org.openqa.selenium.chrome.ChromeDriver()</message>
  <nestedLevel>1</nestedLevel>
</record>
<record>
  <date>2019-09-11T09:59:01</date>
  <millis>1568210341485</millis>
  <sequence>16</sequence>
  <level>START</level>
  <class>com.kms.katalon.core.logging.XmlKeywordLogger</class>
  <method>startKeyword</method>
  <thread>1</thread>
  <message>Start action : driver.get(\&amp;quot;https://mris--builddemo.lightning.force.com/lightning/o/Account/new?nooverride=1&amp;amp;useRecordTypeCheck=1&amp;amp;navigationLocation=LIST_VIEW&amp;amp;backgroundContext=%2Flightning%2Fpage%2Fhome\&amp;quot;)</message>
  <nestedLevel>1</nestedLevel>
  <property name="startLine">28</property>
  <property name="stepIndex">5</property>
</record>
<record>
  <date>2019-09-11T09:59:04</date>
  <millis>1568210344005</millis>
  <sequence>17</sequence>
  <level>END</level>
  <class>com.kms.katalon.core.logging.XmlKeywordLogger</class>
  <method>endKeyword</method>
  <thread>1</thread>
  <message>End action : driver.get(\&amp;quot;https://mris--builddemo.lightning.force.com/lightning/o/Account/new?nooverride=1&amp;amp;useRecordTypeCheck=1&amp;amp;navigationLocation=LIST_VIEW&amp;amp;backgroundContext=%2Flightning%2Fpage%2Fhome\&amp;quot;)</message>
  <nestedLevel>1</nestedLevel>
</record>
<record>
  <date>2019-09-11T09:59:04</date>
  <millis>1568210344006</millis>
  <sequence>18</sequence>
  <level>START</level>
  <class>com.kms.katalon.core.logging.XmlKeywordLogger</class>
  <method>startKeyword</method>
  <thread>1</thread>
  <message>Start action : window().maximize()</message>
  <nestedLevel>1</nestedLevel>
  <property name="startLine">29</property>
  <property name="stepIndex">6</property>
</record>
<record>
  <date>2019-09-11T09:59:05</date>
  <millis>1568210345147</millis>
  <sequence>19</sequence>
  <level>END</level>
  <class>com.kms.katalon.core.logging.XmlKeywordLogger</class>
  <method>endKeyword</method>
  <thread>1</thread>
  <message>End action : window().maximize()</message>
  <nestedLevel>1</nestedLevel>
</record>
<record>
  <date>2019-09-11T09:59:05</date>
  <millis>1568210345147</millis>
  <sequence>20</sequence>
  <level>START</level>
  <class>com.kms.katalon.core.logging.XmlKeywordLogger</class>
  <method>startKeyword</method>
  <thread>1</thread>
  <message>Start action : timeouts().implicitlyWait(10, SECONDS)</message>
  <nestedLevel>1</nestedLevel>
  <property name="startLine">30</property>
  <property name="stepIndex">7</property>
</record>
<record>
  <date>2019-09-11T09:59:05</date>
  <millis>1568210345161</millis>
  <sequence>21</sequence>
  <level>END</level>
  <class>com.kms.katalon.core.logging.XmlKeywordLogger</class>
  <method>endKeyword</method>
  <thread>1</thread>
  <message>End action : timeouts().implicitlyWait(10, SECONDS)</message>
  <nestedLevel>1</nestedLevel>
</record>
<record>
  <date>2019-09-11T09:59:05</date>
  <millis>1568210345162</millis>
  <sequence>22</sequence>
  <level>START</level>
  <class>com.kms.katalon.core.logging.XmlKeywordLogger</class>
  <method>startKeyword</method>
  <thread>1</thread>
  <message>Start action : wait = new org.openqa.selenium.support.ui.WebDriverWait(driver, 10)</message>
  <nestedLevel>1</nestedLevel>
  <property name="startLine">31</property>
  <property name="stepIndex">8</property>
</record>
<record>
  <date>2019-09-11T09:59:05</date>
  <millis>1568210345186</millis>
  <sequence>23</sequence>
  <level>END</level>
  <class>com.kms.katalon.core.logging.XmlKeywordLogger</class>
  <method>endKeyword</method>
  <thread>1</thread>
  <message>End action : wait = new org.openqa.selenium.support.ui.WebDriverWait(driver, 10)</message>
  <nestedLevel>1</nestedLevel>
</record>
<record>
  <date>2019-09-11T09:59:05</date>
  <millis>1568210345186</millis>
  <sequence>24</sequence>
  <level>START</level>
  <class>com.kms.katalon.core.logging.XmlKeywordLogger</class>
  <method>startKeyword</method>
  <thread>1</thread>
  <message>Start action : timeouts().implicitlyWait(10, SECONDS)</message>
  <nestedLevel>1</nestedLevel>
  <property name="startLine">32</property>
  <property name="stepIndex">9</property>
</record>
<record>
  <date>2019-09-11T09:59:05</date>
  <millis>1568210345195</millis>
  <sequence>25</sequence>
  <level>END</level>
  <class>com.kms.katalon.core.logging.XmlKeywordLogger</class>
  <method>endKeyword</method>
  <thread>1</thread>
  <message>End action : timeouts().implicitlyWait(10, SECONDS)</message>
  <nestedLevel>1</nestedLevel>
</record>
<record>
  <date>2019-09-11T09:59:05</date>
  <millis>1568210345195</millis>
  <sequence>26</sequence>
  <level>START</level>
  <class>com.kms.katalon.core.logging.XmlKeywordLogger</class>
  <method>startKeyword</method>
  <thread>1</thread>
  <message>Start action : wait.until(ExpectedConditions.visibilityOfElementLocated(By.id(\&amp;quot;Login\&amp;quot;)))</message>
  <nestedLevel>1</nestedLevel>
  <property name="startLine">36</property>
  <property name="stepIndex">10</property>
</record>
<record>
  <date>2019-09-11T09:59:05</date>
  <millis>1568210345280</millis>
  <sequence>27</sequence>
  <level>END</level>
  <class>com.kms.katalon.core.logging.XmlKeywordLogger</class>
  <method>endKeyword</method>
  <thread>1</thread>
  <message>End action : wait.until(ExpectedConditions.visibilityOfElementLocated(By.id(\&amp;quot;Login\&amp;quot;)))</message>
  <nestedLevel>1</nestedLevel>
</record>
<record>
  <date>2019-09-11T09:59:05</date>
  <millis>1568210345280</millis>
  <sequence>28</sequence>
  <level>START</level>
  <class>com.kms.katalon.core.logging.XmlKeywordLogger</class>
  <method>startKeyword</method>
  <thread>1</thread>
  <message>Start action : Thread.sleep(2000)</message>
  <nestedLevel>1</nestedLevel>
  <property name="startLine">37</property>
  <property name="stepIndex">11</property>
</record>
<record>
  <date>2019-09-11T09:59:07</date>
  <millis>1568210347285</millis>
  <sequence>29</sequence>
  <level>END</level>
  <class>com.kms.katalon.core.logging.XmlKeywordLogger</class>
  <method>endKeyword</method>
  <thread>1</thread>
  <message>End action : Thread.sleep(2000)</message>
  <nestedLevel>1</nestedLevel>
</record>
<record>
  <date>2019-09-11T09:59:07</date>
  <millis>1568210347285</millis>
  <sequence>30</sequence>
  <level>START</level>
  <class>com.kms.katalon.core.logging.XmlKeywordLogger</class>
  <method>startKeyword</method>
  <thread>1</thread>
  <message>Start action : Login_Text_Box = driver.findElement(By.id(\&amp;quot;username\&amp;quot;))</message>
  <nestedLevel>1</nestedLevel>
  <property name="startLine">39</property>
  <property name="stepIndex">12</property>
</record>
<record>
  <date>2019-09-11T09:59:07</date>
  <millis>1568210347317</millis>
  <sequence>31</sequence>
  <level>END</level>
  <class>com.kms.katalon.core.logging.XmlKeywordLogger</class>
  <method>endKeyword</method>
  <thread>1</thread>
  <message>End action : Login_Text_Box = driver.findElement(By.id(\&amp;quot;username\&amp;quot;))</message>
  <nestedLevel>1</nestedLevel>
</record>
<record>
  <date>2019-09-11T09:59:07</date>
  <millis>1568210347317</millis>
  <sequence>32</sequence>
  <level>START</level>
  <class>com.kms.katalon.core.logging.XmlKeywordLogger</class>
  <method>startKeyword</method>
  <thread>1</thread>
  <message>Start action : Login_Text_Box.clear()</message>
  <nestedLevel>1</nestedLevel>
  <property name="startLine">40</property>
  <property name="stepIndex">13</property>
</record>
<record>
  <date>2019-09-11T09:59:07</date>
  <millis>1568210347348</millis>
  <sequence>33</sequence>
  <level>END</level>
  <class>com.kms.katalon.core.logging.XmlKeywordLogger</class>
  <method>endKeyword</method>
  <thread>1</thread>
  <message>End action : Login_Text_Box.clear()</message>
  <nestedLevel>1</nestedLevel>
</record>
<record>
  <date>2019-09-11T09:59:07</date>
  <millis>1568210347349</millis>
  <sequence>34</sequence>
  <level>START</level>
  <class>com.kms.katalon.core.logging.XmlKeywordLogger</class>
  <method>startKeyword</method>
  <thread>1</thread>
  <message>Start action : Login_Text_Box.sendKeys(\&amp;quot;level.3@mris.net.builddemo\&amp;quot;)</message>
  <nestedLevel>1</nestedLevel>
  <property name="startLine">41</property>
  <property name="stepIndex">14</property>
</record>
<record>
  <date>2019-09-11T09:59:07</date>
  <millis>1568210347454</millis>
  <sequence>35</sequence>
  <level>END</level>
  <class>com.kms.katalon.core.logging.XmlKeywordLogger</class>
  <method>endKeyword</method>
  <thread>1</thread>
  <message>End action : Login_Text_Box.sendKeys(\&amp;quot;level.3@mris.net.builddemo\&amp;quot;)</message>
  <nestedLevel>1</nestedLevel>
</record>
<record>
  <date>2019-09-11T09:59:07</date>
  <millis>1568210347454</millis>
  <sequence>36</sequence>
  <level>START</level>
  <class>com.kms.katalon.core.logging.XmlKeywordLogger</class>
  <method>startKeyword</method>
  <thread>1</thread>
  <message>Start action : Password_Text_Box = driver.findElement(By.id(\&amp;quot;password\&amp;quot;))</message>
  <nestedLevel>1</nestedLevel>
  <property name="startLine">42</property>
  <property name="stepIndex">15</property>
</record>
<record>
  <date>2019-09-11T09:59:07</date>
  <millis>1568210347469</millis>
  <sequence>37</sequence>
  <level>END</level>
  <class>com.kms.katalon.core.logging.XmlKeywordLogger</class>
  <method>endKeyword</method>
  <thread>1</thread>
  <message>End action : Password_Text_Box = driver.findElement(By.id(\&amp;quot;password\&amp;quot;))</message>
  <nestedLevel>1</nestedLevel>
</record>
<record>
  <date>2019-09-11T09:59:07</date>
  <millis>1568210347470</millis>
  <sequence>38</sequence>
  <level>START</level>
  <class>com.kms.katalon.core.logging.XmlKeywordLogger</class>
  <method>startKeyword</method>
  <thread>1</thread>
  <message>Start action : Password_Text_Box.clear()</message>
  <nestedLevel>1</nestedLevel>
  <property name="startLine">43</property>
  <property name="stepIndex">16</property>
</record>
<record>
  <date>2019-09-11T09:59:07</date>
  <millis>1568210347494</millis>
  <sequence>39</sequence>
  <level>END</level>
  <class>com.kms.katalon.core.logging.XmlKeywordLogger</class>
  <method>endKeyword</method>
  <thread>1</thread>
  <message>End action : Password_Text_Box.clear()</message>
  <nestedLevel>1</nestedLevel>
</record>
<record>
  <date>2019-09-11T09:59:07</date>
  <millis>1568210347494</millis>
  <sequence>40</sequence>
  <level>START</level>
  <class>com.kms.katalon.core.logging.XmlKeywordLogger</class>
  <method>startKeyword</method>
  <thread>1</thread>
  <message>Start action : Password_Text_Box.sendKeys(\&amp;quot;!9Getvercode!9\&amp;quot;)</message>
  <nestedLevel>1</nestedLevel>
  <property name="startLine">44</property>
  <property name="stepIndex">17</property>
</record>
<record>
  <date>2019-09-11T09:59:07</date>
  <millis>1568210347564</millis>
  <sequence>41</sequence>
  <level>END</level>
  <class>com.kms.katalon.core.logging.XmlKeywordLogger</class>
  <method>endKeyword</method>
  <thread>1</thread>
  <message>End action : Password_Text_Box.sendKeys(\&amp;quot;!9Getvercode!9\&amp;quot;)</message>
  <nestedLevel>1</nestedLevel>
</record>
<record>
  <date>2019-09-11T09:59:07</date>
  <millis>1568210347564</millis>
  <sequence>42</sequence>
  <level>START</level>
  <class>com.kms.katalon.core.logging.XmlKeywordLogger</class>
  <method>startKeyword</method>
  <thread>1</thread>
  <message>Start action : Login_Button = driver.findElement(By.id(\&amp;quot;Login\&amp;quot;))</message>
  <nestedLevel>1</nestedLevel>
  <property name="startLine">45</property>
  <property name="stepIndex">18</property>
</record>
<record>
  <date>2019-09-11T09:59:07</date>
  <millis>1568210347574</millis>
  <sequence>43</sequence>
  <level>END</level>
  <class>com.kms.katalon.core.logging.XmlKeywordLogger</class>
  <method>endKeyword</method>
  <thread>1</thread>
  <message>End action : Login_Button = driver.findElement(By.id(\&amp;quot;Login\&amp;quot;))</message>
  <nestedLevel>1</nestedLevel>
</record>
<record>
  <date>2019-09-11T09:59:07</date>
  <millis>1568210347574</millis>
  <sequence>44</sequence>
  <level>START</level>
  <class>com.kms.katalon.core.logging.XmlKeywordLogger</class>
  <method>startKeyword</method>
  <thread>1</thread>
  <message>Start action : Login_Button.click()</message>
  <nestedLevel>1</nestedLevel>
  <property name="startLine">46</property>
  <property name="stepIndex">19</property>
</record>
<record>
  <date>2019-09-11T09:59:08</date>
  <millis>1568210348481</millis>
  <sequence>45</sequence>
  <level>END</level>
  <class>com.kms.katalon.core.logging.XmlKeywordLogger</class>
  <method>endKeyword</method>
  <thread>1</thread>
  <message>End action : Login_Button.click()</message>
  <nestedLevel>1</nestedLevel>
</record>
<record>
  <date>2019-09-11T09:59:08</date>
  <millis>1568210348481</millis>
  <sequence>46</sequence>
  <level>START</level>
  <class>com.kms.katalon.core.logging.XmlKeywordLogger</class>
  <method>startKeyword</method>
  <thread>1</thread>
  <message>Start action : timeouts().implicitlyWait(15, SECONDS)</message>
  <nestedLevel>1</nestedLevel>
  <property name="startLine">47</property>
  <property name="stepIndex">20</property>
</record>
<record>
  <date>2019-09-11T09:59:08</date>
  <millis>1568210348484</millis>
  <sequence>47</sequence>
  <level>END</level>
  <class>com.kms.katalon.core.logging.XmlKeywordLogger</class>
  <method>endKeyword</method>
  <thread>1</thread>
  <message>End action : timeouts().implicitlyWait(15, SECONDS)</message>
  <nestedLevel>1</nestedLevel>
</record>
<record>
  <date>2019-09-11T09:59:08</date>
  <millis>1568210348484</millis>
  <sequence>48</sequence>
  <level>START</level>
  <class>com.kms.katalon.core.logging.XmlKeywordLogger</class>
  <method>startKeyword</method>
  <thread>1</thread>
  <message>Start action : Next_Button_New_Account = driver.findElement(By.xpath(\&amp;quot;(.//*[normalize-space(text()) and normalize-space(.)=&amp;apos;Cancel&amp;apos;])[1]/following::span[1]\&amp;quot;))</message>
  <nestedLevel>1</nestedLevel>
  <property name="startLine">51</property>
  <property name="stepIndex">21</property>
</record>
<record>
  <date>2019-09-11T09:59:14</date>
  <millis>1568210354251</millis>
  <sequence>49</sequence>
  <level>END</level>
  <class>com.kms.katalon.core.logging.XmlKeywordLogger</class>
  <method>endKeyword</method>
  <thread>1</thread>
  <message>End action : Next_Button_New_Account = driver.findElement(By.xpath(\&amp;quot;(.//*[normalize-space(text()) and normalize-space(.)=&amp;apos;Cancel&amp;apos;])[1]/following::span[1]\&amp;quot;))</message>
  <nestedLevel>1</nestedLevel>
</record>
<record>
  <date>2019-09-11T09:59:14</date>
  <millis>1568210354252</millis>
  <sequence>50</sequence>
  <level>START</level>
  <class>com.kms.katalon.core.logging.XmlKeywordLogger</class>
  <method>startKeyword</method>
  <thread>1</thread>
  <message>Start action : Next_Button_New_Account.click()</message>
  <nestedLevel>1</nestedLevel>
  <property name="startLine">52</property>
  <property name="stepIndex">22</property>
</record>
<record>
  <date>2019-09-11T09:59:14</date>
  <millis>1568210354402</millis>
  <sequence>51</sequence>
  <level>END</level>
  <class>com.kms.katalon.core.logging.XmlKeywordLogger</class>
  <method>endKeyword</method>
  <thread>1</thread>
  <message>End action : Next_Button_New_Account.click()</message>
  <nestedLevel>1</nestedLevel>
</record>
<record>
  <date>2019-09-11T09:59:14</date>
  <millis>1568210354402</millis>
  <sequence>52</sequence>
  <level>START</level>
  <class>com.kms.katalon.core.logging.XmlKeywordLogger</class>
  <method>startKeyword</method>
  <thread>1</thread>
  <message>Start action : Thread.sleep(1000)</message>
  <nestedLevel>1</nestedLevel>
  <property name="startLine">53</property>
  <property name="stepIndex">23</property>
</record>
<record>
  <date>2019-09-11T09:59:15</date>
  <millis>1568210355402</millis>
  <sequence>53</sequence>
  <level>END</level>
  <class>com.kms.katalon.core.logging.XmlKeywordLogger</class>
  <method>endKeyword</method>
  <thread>1</thread>
  <message>End action : Thread.sleep(1000)</message>
  <nestedLevel>1</nestedLevel>
</record>
<record>
  <date>2019-09-11T09:59:15</date>
  <millis>1568210355402</millis>
  <sequence>54</sequence>
  <level>START</level>
  <class>com.kms.katalon.core.logging.XmlKeywordLogger</class>
  <method>startKeyword</method>
  <thread>1</thread>
  <message>Start action : Office_ID = driver.findElement(By.xpath(\&amp;quot;(.//*[normalize-space(text()) and normalize-space(.)=&amp;apos;*&amp;apos;])[1]/following::input[1]\&amp;quot;))</message>
  <nestedLevel>1</nestedLevel>
  <property name="startLine">55</property>
  <property name="stepIndex">24</property>
</record>
<record>
  <date>2019-09-11T09:59:16</date>
  <millis>1568210356218</millis>
  <sequence>55</sequence>
  <level>END</level>
  <class>com.kms.katalon.core.logging.XmlKeywordLogger</class>
  <method>endKeyword</method>
  <thread>1</thread>
  <message>End action : Office_ID = driver.findElement(By.xpath(\&amp;quot;(.//*[normalize-space(text()) and normalize-space(.)=&amp;apos;*&amp;apos;])[1]/following::input[1]\&amp;quot;))</message>
  <nestedLevel>1</nestedLevel>
</record>
<record>
  <date>2019-09-11T09:59:16</date>
  <millis>1568210356218</millis>
  <sequence>56</sequence>
  <level>START</level>
  <class>com.kms.katalon.core.logging.XmlKeywordLogger</class>
  <method>startKeyword</method>
  <thread>1</thread>
  <message>Start action : Office_ID.clear()</message>
  <nestedLevel>1</nestedLevel>
  <property name="startLine">56</property>
  <property name="stepIndex">25</property>
</record>
<record>
  <date>2019-09-11T09:59:16</date>
  <millis>1568210356247</millis>
  <sequence>57</sequence>
  <level>END</level>
  <class>com.kms.katalon.core.logging.XmlKeywordLogger</class>
  <method>endKeyword</method>
  <thread>1</thread>
  <message>End action : Office_ID.clear()</message>
  <nestedLevel>1</nestedLevel>
</record>
<record>
  <date>2019-09-11T09:59:16</date>
  <millis>1568210356247</millis>
  <sequence>58</sequence>
  <level>START</level>
  <class>com.kms.katalon.core.logging.XmlKeywordLogger</class>
  <method>startKeyword</method>
  <thread>1</thread>
  <message>Start action : Office_ID.sendKeys(\&amp;quot;TEST0906\&amp;quot;)</message>
  <nestedLevel>1</nestedLevel>
  <property name="startLine">57</property>
  <property name="stepIndex">26</property>
</record>
<record>
  <date>2019-09-11T09:59:16</date>
  <millis>1568210356427</millis>
  <sequence>59</sequence>
  <level>END</level>
  <class>com.kms.katalon.core.logging.XmlKeywordLogger</class>
  <method>endKeyword</method>
  <thread>1</thread>
  <message>End action : Office_ID.sendKeys(\&amp;quot;TEST0906\&amp;quot;)</message>
  <nestedLevel>1</nestedLevel>
</record>
<record>
  <date>2019-09-11T09:59:16</date>
  <millis>1568210356427</millis>
  <sequence>60</sequence>
  <level>START</level>
  <class>com.kms.katalon.core.logging.XmlKeywordLogger</class>
  <method>startKeyword</method>
  <thread>1</thread>
  <message>Start action : Account_Name = driver.findElement(By.xpath(\&amp;quot;(.//*[normalize-space(text()) and normalize-space(.)=&amp;apos;*&amp;apos;])[3]/following::input[1]\&amp;quot;))</message>
  <nestedLevel>1</nestedLevel>
  <property name="startLine">59</property>
  <property name="stepIndex">27</property>
</record>
<record>
  <date>2019-09-11T09:59:16</date>
  <millis>1568210356444</millis>
  <sequence>61</sequence>
  <level>END</level>
  <class>com.kms.katalon.core.logging.XmlKeywordLogger</class>
  <method>endKeyword</method>
  <thread>1</thread>
  <message>End action : Account_Name = driver.findElement(By.xpath(\&amp;quot;(.//*[normalize-space(text()) and normalize-space(.)=&amp;apos;*&amp;apos;])[3]/following::input[1]\&amp;quot;))</message>
  <nestedLevel>1</nestedLevel>
</record>
<record>
  <date>2019-09-11T09:59:16</date>
  <millis>1568210356444</millis>
  <sequence>62</sequence>
  <level>START</level>
  <class>com.kms.katalon.core.logging.XmlKeywordLogger</class>
  <method>startKeyword</method>
  <thread>1</thread>
  <message>Start action : Account_Name.clear()</message>
  <nestedLevel>1</nestedLevel>
  <property name="startLine">60</property>
  <property name="stepIndex">28</property>
</record>
<record>
  <date>2019-09-11T09:59:16</date>
  <millis>1568210356467</millis>
  <sequence>63</sequence>
  <level>END</level>
  <class>com.kms.katalon.core.logging.XmlKeywordLogger</class>
  <method>endKeyword</method>
  <thread>1</thread>
  <message>End action : Account_Name.clear()</message>
  <nestedLevel>1</nestedLevel>
</record>
<record>
  <date>2019-09-11T09:59:16</date>
  <millis>1568210356467</millis>
  <sequence>64</sequence>
  <level>START</level>
  <class>com.kms.katalon.core.logging.XmlKeywordLogger</class>
  <method>startKeyword</method>
  <thread>1</thread>
  <message>Start action : Account_Name.sendKeys(\&amp;quot;TEST0906\&amp;quot;)</message>
  <nestedLevel>1</nestedLevel>
  <property name="startLine">61</property>
  <property name="stepIndex">29</property>
</record>
<record>
  <date>2019-09-11T09:59:16</date>
  <millis>1568210356630</millis>
  <sequence>65</sequence>
  <level>END</level>
  <class>com.kms.katalon.core.logging.XmlKeywordLogger</class>
  <method>endKeyword</method>
  <thread>1</thread>
  <message>End action : Account_Name.sendKeys(\&amp;quot;TEST0906\&amp;quot;)</message>
  <nestedLevel>1</nestedLevel>
</record>
<record>
  <date>2019-09-11T09:59:16</date>
  <millis>1568210356631</millis>
  <sequence>66</sequence>
  <level>START</level>
  <class>com.kms.katalon.core.logging.XmlKeywordLogger</class>
  <method>startKeyword</method>
  <thread>1</thread>
  <message>Start action : Account_Type = driver.findElement(By.xpath(\&amp;quot;(.//*[normalize-space(text()) and normalize-space(.)=&amp;apos;*&amp;apos;])[5]/following::a[1]\&amp;quot;))</message>
  <nestedLevel>1</nestedLevel>
  <property name="startLine">63</property>
  <property name="stepIndex">30</property>
</record>
<record>
  <date>2019-09-11T09:59:16</date>
  <millis>1568210356650</millis>
  <sequence>67</sequence>
  <level>END</level>
  <class>com.kms.katalon.core.logging.XmlKeywordLogger</class>
  <method>endKeyword</method>
  <thread>1</thread>
  <message>End action : Account_Type = driver.findElement(By.xpath(\&amp;quot;(.//*[normalize-space(text()) and normalize-space(.)=&amp;apos;*&amp;apos;])[5]/following::a[1]\&amp;quot;))</message>
  <nestedLevel>1</nestedLevel>
</record>
<record>
  <date>2019-09-11T09:59:16</date>
  <millis>1568210356650</millis>
  <sequence>68</sequence>
  <level>START</level>
  <class>com.kms.katalon.core.logging.XmlKeywordLogger</class>
  <method>startKeyword</method>
  <thread>1</thread>
  <message>Start action : Account_Type.sendKeys(\&amp;quot;Residential\&amp;quot;, ENTER)</message>
  <nestedLevel>1</nestedLevel>
  <property name="startLine">64</property>
  <property name="stepIndex">31</property>
</record>
<record>
  <date>2019-09-11T09:59:16</date>
  <millis>1568210356929</millis>
  <sequence>69</sequence>
  <level>END</level>
  <class>com.kms.katalon.core.logging.XmlKeywordLogger</class>
  <method>endKeyword</method>
  <thread>1</thread>
  <message>End action : Account_Type.sendKeys(\&amp;quot;Residential\&amp;quot;, ENTER)</message>
  <nestedLevel>1</nestedLevel>
</record>
<record>
  <date>2019-09-11T09:59:16</date>
  <millis>1568210356929</millis>
  <sequence>70</sequence>
  <level>START</level>
  <class>com.kms.katalon.core.logging.XmlKeywordLogger</class>
  <method>startKeyword</method>
  <thread>1</thread>
  <message>Start action : Account_Type_pt = Account_Type.getLocation()</message>
  <nestedLevel>1</nestedLevel>
  <property name="startLine">66</property>
  <property name="stepIndex">32</property>
</record>
<record>
  <date>2019-09-11T09:59:16</date>
  <millis>1568210356947</millis>
  <sequence>71</sequence>
  <level>END</level>
  <class>com.kms.katalon.core.logging.XmlKeywordLogger</class>
  <method>endKeyword</method>
  <thread>1</thread>
  <message>End action : Account_Type_pt = Account_Type.getLocation()</message>
  <nestedLevel>1</nestedLevel>
</record>
<record>
  <date>2019-09-11T09:59:16</date>
  <millis>1568210356947</millis>
  <sequence>72</sequence>
  <level>START</level>
  <class>com.kms.katalon.core.logging.XmlKeywordLogger</class>
  <method>startKeyword</method>
  <thread>1</thread>
  <message>Start action : NumberX = Account_Type_pt.getX()</message>
  <nestedLevel>1</nestedLevel>
  <property name="startLine">67</property>
  <property name="stepIndex">33</property>
</record>
<record>
  <date>2019-09-11T09:59:16</date>
  <millis>1568210356951</millis>
  <sequence>73</sequence>
  <level>END</level>
  <class>com.kms.katalon.core.logging.XmlKeywordLogger</class>
  <method>endKeyword</method>
  <thread>1</thread>
  <message>End action : NumberX = Account_Type_pt.getX()</message>
  <nestedLevel>1</nestedLevel>
</record>
<record>
  <date>2019-09-11T09:59:16</date>
  <millis>1568210356951</millis>
  <sequence>74</sequence>
  <level>START</level>
  <class>com.kms.katalon.core.logging.XmlKeywordLogger</class>
  <method>startKeyword</method>
  <thread>1</thread>
  <message>Start action : NumberY = Account_Type_pt.getY()</message>
  <nestedLevel>1</nestedLevel>
  <property name="startLine">68</property>
  <property name="stepIndex">34</property>
</record>
<record>
  <date>2019-09-11T09:59:16</date>
  <millis>1568210356952</millis>
  <sequence>75</sequence>
  <level>END</level>
  <class>com.kms.katalon.core.logging.XmlKeywordLogger</class>
  <method>endKeyword</method>
  <thread>1</thread>
  <message>End action : NumberY = Account_Type_pt.getY()</message>
  <nestedLevel>1</nestedLevel>
</record>
<record>
  <date>2019-09-11T09:59:16</date>
  <millis>1568210356952</millis>
  <sequence>76</sequence>
  <level>START</level>
  <class>com.kms.katalon.core.logging.XmlKeywordLogger</class>
  <method>startKeyword</method>
  <thread>1</thread>
  <message>Start action : act = new org.openqa.selenium.interactions.Actions(driver)</message>
  <nestedLevel>1</nestedLevel>
  <property name="startLine">69</property>
  <property name="stepIndex">35</property>
</record>
<record>
  <date>2019-09-11T09:59:16</date>
  <millis>1568210356958</millis>
  <sequence>77</sequence>
  <level>END</level>
  <class>com.kms.katalon.core.logging.XmlKeywordLogger</class>
  <method>endKeyword</method>
  <thread>1</thread>
  <message>End action : act = new org.openqa.selenium.interactions.Actions(driver)</message>
  <nestedLevel>1</nestedLevel>
</record>
<record>
  <date>2019-09-11T09:59:16</date>
  <millis>1568210356958</millis>
  <sequence>78</sequence>
  <level>START</level>
  <class>com.kms.katalon.core.logging.XmlKeywordLogger</class>
  <method>startKeyword</method>
  <thread>1</thread>
  <message>Start action : build().perform()</message>
  <nestedLevel>1</nestedLevel>
  <property name="startLine">70</property>
  <property name="stepIndex">36</property>
</record>
<record>
  <date>2019-09-11T09:59:17</date>
  <millis>1568210357233</millis>
  <sequence>79</sequence>
  <level>END</level>
  <class>com.kms.katalon.core.logging.XmlKeywordLogger</class>
  <method>endKeyword</method>
  <thread>1</thread>
  <message>End action : build().perform()</message>
  <nestedLevel>1</nestedLevel>
</record>
<record>
  <date>2019-09-11T09:59:17</date>
  <millis>1568210357233</millis>
  <sequence>80</sequence>
  <level>START</level>
  <class>com.kms.katalon.core.logging.XmlKeywordLogger</class>
  <method>startKeyword</method>
  <thread>1</thread>
  <message>Start action : Thread.sleep(2000)</message>
  <nestedLevel>1</nestedLevel>
  <property name="startLine">71</property>
  <property name="stepIndex">37</property>
</record>
<record>
  <date>2019-09-11T09:59:19</date>
  <millis>1568210359235</millis>
  <sequence>81</sequence>
  <level>END</level>
  <class>com.kms.katalon.core.logging.XmlKeywordLogger</class>
  <method>endKeyword</method>
  <thread>1</thread>
  <message>End action : Thread.sleep(2000)</message>
  <nestedLevel>1</nestedLevel>
</record>
<record>
  <date>2019-09-11T09:59:19</date>
  <millis>1568210359235</millis>
  <sequence>82</sequence>
  <level>START</level>
  <class>com.kms.katalon.core.logging.XmlKeywordLogger</class>
  <method>startKeyword</method>
  <thread>1</thread>
  <message>Start action : )=&amp;apos;--None--&amp;apos;])[15]/following::a[1]\&amp;quot;)).click()</message>
  <nestedLevel>1</nestedLevel>
  <property name="startLine">72</property>
  <property name="stepIndex">38</property>
</record>
<record>
  <date>2019-09-11T09:59:19</date>
  <millis>1568210359401</millis>
  <sequence>83</sequence>
  <level>END</level>
  <class>com.kms.katalon.core.logging.XmlKeywordLogger</class>
  <method>endKeyword</method>
  <thread>1</thread>
  <message>End action : )=&amp;apos;--None--&amp;apos;])[15]/following::a[1]\&amp;quot;)).click()</message>
  <nestedLevel>1</nestedLevel>
</record>
<record>
  <date>2019-09-11T09:59:19</date>
  <millis>1568210359401</millis>
  <sequence>84</sequence>
  <level>START</level>
  <class>com.kms.katalon.core.logging.XmlKeywordLogger</class>
  <method>startKeyword</method>
  <thread>1</thread>
  <message>Start action : Office_Phone = driver.findElement(By.xpath(\&amp;quot;(.//*[normalize-space(text()) and normalize-space(.)=&amp;apos;*&amp;apos;])[4]/following::input[1]\&amp;quot;))</message>
  <nestedLevel>1</nestedLevel>
  <property name="startLine">74</property>
  <property name="stepIndex">39</property>
</record>
<record>
  <date>2019-09-11T09:59:19</date>
  <millis>1568210359422</millis>
  <sequence>85</sequence>
  <level>END</level>
  <class>com.kms.katalon.core.logging.XmlKeywordLogger</class>
  <method>endKeyword</method>
  <thread>1</thread>
  <message>End action : Office_Phone = driver.findElement(By.xpath(\&amp;quot;(.//*[normalize-space(text()) and normalize-space(.)=&amp;apos;*&amp;apos;])[4]/following::input[1]\&amp;quot;))</message>
  <nestedLevel>1</nestedLevel>
</record>
<record>
  <date>2019-09-11T09:59:19</date>
  <millis>1568210359422</millis>
  <sequence>86</sequence>
  <level>START</level>
  <class>com.kms.katalon.core.logging.XmlKeywordLogger</class>
  <method>startKeyword</method>
  <thread>1</thread>
  <message>Start action : Office_Phone.sendKeys(\&amp;quot;111-111-1111\&amp;quot;)</message>
  <nestedLevel>1</nestedLevel>
  <property name="startLine">75</property>
  <property name="stepIndex">40</property>
</record>
<record>
  <date>2019-09-11T09:59:19</date>
  <millis>1568210359665</millis>
  <sequence>87</sequence>
  <level>END</level>
  <class>com.kms.katalon.core.logging.XmlKeywordLogger</class>
  <method>endKeyword</method>
  <thread>1</thread>
  <message>End action : Office_Phone.sendKeys(\&amp;quot;111-111-1111\&amp;quot;)</message>
  <nestedLevel>1</nestedLevel>
</record>
<record>
  <date>2019-09-11T09:59:19</date>
  <millis>1568210359665</millis>
  <sequence>88</sequence>
  <level>START</level>
  <class>com.kms.katalon.core.logging.XmlKeywordLogger</class>
  <method>startKeyword</method>
  <thread>1</thread>
  <message>Start action : Street_Number = driver.findElement(By.xpath(\&amp;quot;(.//*[normalize-space(text()) and normalize-space(.)=&amp;apos;Street Number&amp;apos;])[1]/following::input[1]\&amp;quot;))</message>
  <nestedLevel>1</nestedLevel>
  <property name="startLine">77</property>
  <property name="stepIndex">41</property>
</record>
<record>
  <date>2019-09-11T09:59:19</date>
  <millis>1568210359683</millis>
  <sequence>89</sequence>
  <level>END</level>
  <class>com.kms.katalon.core.logging.XmlKeywordLogger</class>
  <method>endKeyword</method>
  <thread>1</thread>
  <message>End action : Street_Number = driver.findElement(By.xpath(\&amp;quot;(.//*[normalize-space(text()) and normalize-space(.)=&amp;apos;Street Number&amp;apos;])[1]/following::input[1]\&amp;quot;))</message>
  <nestedLevel>1</nestedLevel>
</record>
<record>
  <date>2019-09-11T09:59:19</date>
  <millis>1568210359684</millis>
  <sequence>90</sequence>
  <level>START</level>
  <class>com.kms.katalon.core.logging.XmlKeywordLogger</class>
  <method>startKeyword</method>
  <thread>1</thread>
  <message>Start action : Street_Number.sendKeys(\&amp;quot;9707\&amp;quot;)</message>
  <nestedLevel>1</nestedLevel>
  <property name="startLine">78</property>
  <property name="stepIndex">42</property>
</record>
<record>
  <date>2019-09-11T09:59:19</date>
  <millis>1568210359782</millis>
  <sequence>91</sequence>
  <level>END</level>
  <class>com.kms.katalon.core.logging.XmlKeywordLogger</class>
  <method>endKeyword</method>
  <thread>1</thread>
  <message>End action : Street_Number.sendKeys(\&amp;quot;9707\&amp;quot;)</message>
  <nestedLevel>1</nestedLevel>
</record>
<record>
  <date>2019-09-11T09:59:19</date>
  <millis>1568210359783</millis>
  <sequence>92</sequence>
  <level>START</level>
  <class>com.kms.katalon.core.logging.XmlKeywordLogger</class>
  <method>startKeyword</method>
  <thread>1</thread>
  <message>Start action : Street_Name = driver.findElement(By.xpath(\&amp;quot;(.//*[normalize-space(text()) and normalize-space(.)=&amp;apos;Street Number&amp;apos;])[1]/following::input[2]\&amp;quot;))</message>
  <nestedLevel>1</nestedLevel>
  <property name="startLine">80</property>
  <property name="stepIndex">43</property>
</record>
<record>
  <date>2019-09-11T09:59:19</date>
  <millis>1568210359809</millis>
  <sequence>93</sequence>
  <level>END</level>
  <class>com.kms.katalon.core.logging.XmlKeywordLogger</class>
  <method>endKeyword</method>
  <thread>1</thread>
  <message>End action : Street_Name = driver.findElement(By.xpath(\&amp;quot;(.//*[normalize-space(text()) and normalize-space(.)=&amp;apos;Street Number&amp;apos;])[1]/following::input[2]\&amp;quot;))</message>
  <nestedLevel>1</nestedLevel>
</record>
<record>
  <date>2019-09-11T09:59:19</date>
  <millis>1568210359809</millis>
  <sequence>94</sequence>
  <level>START</level>
  <class>com.kms.katalon.core.logging.XmlKeywordLogger</class>
  <method>startKeyword</method>
  <thread>1</thread>
  <message>Start action : Street_Name.sendKeys(\&amp;quot;Key West\&amp;quot;)</message>
  <nestedLevel>1</nestedLevel>
  <property name="startLine">81</property>
  <property name="stepIndex">44</property>
</record>
<record>
  <date>2019-09-11T09:59:19</date>
  <millis>1568210359987</millis>
  <sequence>95</sequence>
  <level>END</level>
  <class>com.kms.katalon.core.logging.XmlKeywordLogger</class>
  <method>endKeyword</method>
  <thread>1</thread>
  <message>End action : Street_Name.sendKeys(\&amp;quot;Key West\&amp;quot;)</message>
  <nestedLevel>1</nestedLevel>
</record>
<record>
  <date>2019-09-11T09:59:19</date>
  <millis>1568210359987</millis>
  <sequence>96</sequence>
  <level>START</level>
  <class>com.kms.katalon.core.logging.XmlKeywordLogger</class>
  <method>startKeyword</method>
  <thread>1</thread>
  <message>Start action : Street_Type = driver.findElement(By.xpath(\&amp;quot;(.//*[normalize-space(text()) and normalize-space(.)=&amp;apos;Street Type&amp;apos;])[1]/following::input[1]\&amp;quot;))</message>
  <nestedLevel>1</nestedLevel>
  <property name="startLine">83</property>
  <property name="stepIndex">45</property>
</record>
<record>
  <date>2019-09-11T09:59:20</date>
  <millis>1568210360005</millis>
  <sequence>97</sequence>
  <level>END</level>
  <class>com.kms.katalon.core.logging.XmlKeywordLogger</class>
  <method>endKeyword</method>
  <thread>1</thread>
  <message>End action : Street_Type = driver.findElement(By.xpath(\&amp;quot;(.//*[normalize-space(text()) and normalize-space(.)=&amp;apos;Street Type&amp;apos;])[1]/following::input[1]\&amp;quot;))</message>
  <nestedLevel>1</nestedLevel>
</record>
<record>
  <date>2019-09-11T09:59:20</date>
  <millis>1568210360005</millis>
  <sequence>98</sequence>
  <level>START</level>
  <class>com.kms.katalon.core.logging.XmlKeywordLogger</class>
  <method>startKeyword</method>
  <thread>1</thread>
  <message>Start action : Street_Type.sendKeys(\&amp;quot;Ave\&amp;quot;)</message>
  <nestedLevel>1</nestedLevel>
  <property name="startLine">84</property>
  <property name="stepIndex">46</property>
</record>
<record>
  <date>2019-09-11T09:59:20</date>
  <millis>1568210360095</millis>
  <sequence>99</sequence>
  <level>END</level>
  <class>com.kms.katalon.core.logging.XmlKeywordLogger</class>
  <method>endKeyword</method>
  <thread>1</thread>
  <message>End action : Street_Type.sendKeys(\&amp;quot;Ave\&amp;quot;)</message>
  <nestedLevel>1</nestedLevel>
</record>
<record>
  <date>2019-09-11T09:59:20</date>
  <millis>1568210360095</millis>
  <sequence>100</sequence>
  <level>START</level>
  <class>com.kms.katalon.core.logging.XmlKeywordLogger</class>
  <method>startKeyword</method>
  <thread>1</thread>
  <message>Start action : Zip_Code = driver.findElement(By.xpath(\&amp;quot;(.//*[normalize-space(text()) and normalize-space(.)=&amp;apos;*&amp;apos;])[6]/following::input[1]\&amp;quot;))</message>
  <nestedLevel>1</nestedLevel>
  <property name="startLine">86</property>
  <property name="stepIndex">47</property>
</record>
<record>
  <date>2019-09-11T09:59:20</date>
  <millis>1568210360121</millis>
  <sequence>101</sequence>
  <level>END</level>
  <class>com.kms.katalon.core.logging.XmlKeywordLogger</class>
  <method>endKeyword</method>
  <thread>1</thread>
  <message>End action : Zip_Code = driver.findElement(By.xpath(\&amp;quot;(.//*[normalize-space(text()) and normalize-space(.)=&amp;apos;*&amp;apos;])[6]/following::input[1]\&amp;quot;))</message>
  <nestedLevel>1</nestedLevel>
</record>
<record>
  <date>2019-09-11T09:59:20</date>
  <millis>1568210360122</millis>
  <sequence>102</sequence>
  <level>START</level>
  <class>com.kms.katalon.core.logging.XmlKeywordLogger</class>
  <method>startKeyword</method>
  <thread>1</thread>
  <message>Start action : Zip_Code.sendKeys(\&amp;quot;20850\&amp;quot;)</message>
  <nestedLevel>1</nestedLevel>
  <property name="startLine">87</property>
  <property name="stepIndex">48</property>
</record>
<record>
  <date>2019-09-11T09:59:20</date>
  <millis>1568210360238</millis>
  <sequence>103</sequence>
  <level>END</level>
  <class>com.kms.katalon.core.logging.XmlKeywordLogger</class>
  <method>endKeyword</method>
  <thread>1</thread>
  <message>End action : Zip_Code.sendKeys(\&amp;quot;20850\&amp;quot;)</message>
  <nestedLevel>1</nestedLevel>
</record>
<record>
  <date>2019-09-11T09:59:20</date>
  <millis>1568210360238</millis>
  <sequence>104</sequence>
  <level>START</level>
  <class>com.kms.katalon.core.logging.XmlKeywordLogger</class>
  <method>startKeyword</method>
  <thread>1</thread>
  <message>Start action : Zip_Code_4 = driver.findElement(By.xpath(\&amp;quot;(.//*[normalize-space(text()) and normalize-space(.)=&amp;apos;Zip+4&amp;apos;])[1]/following::input[1]\&amp;quot;))</message>
  <nestedLevel>1</nestedLevel>
  <property name="startLine">89</property>
  <property name="stepIndex">49</property>
</record>
<record>
  <date>2019-09-11T09:59:20</date>
  <millis>1568210360261</millis>
  <sequence>105</sequence>
  <level>END</level>
  <class>com.kms.katalon.core.logging.XmlKeywordLogger</class>
  <method>endKeyword</method>
  <thread>1</thread>
  <message>End action : Zip_Code_4 = driver.findElement(By.xpath(\&amp;quot;(.//*[normalize-space(text()) and normalize-space(.)=&amp;apos;Zip+4&amp;apos;])[1]/following::input[1]\&amp;quot;))</message>
  <nestedLevel>1</nestedLevel>
</record>
<record>
  <date>2019-09-11T09:59:20</date>
  <millis>1568210360262</millis>
  <sequence>106</sequence>
  <level>START</level>
  <class>com.kms.katalon.core.logging.XmlKeywordLogger</class>
  <method>startKeyword</method>
  <thread>1</thread>
  <message>Start action : Zip_Code_4.sendKeys(\&amp;quot;3992\&amp;quot;)</message>
  <nestedLevel>1</nestedLevel>
  <property name="startLine">90</property>
  <property name="stepIndex">50</property>
</record>
<record>
  <date>2019-09-11T09:59:20</date>
  <millis>1568210360365</millis>
  <sequence>107</sequence>
  <level>END</level>
  <class>com.kms.katalon.core.logging.XmlKeywordLogger</class>
  <method>endKeyword</method>
  <thread>1</thread>
  <message>End action : Zip_Code_4.sendKeys(\&amp;quot;3992\&amp;quot;)</message>
  <nestedLevel>1</nestedLevel>
</record>
<record>
  <date>2019-09-11T09:59:20</date>
  <millis>1568210360365</millis>
  <sequence>108</sequence>
  <level>START</level>
  <class>com.kms.katalon.core.logging.XmlKeywordLogger</class>
  <method>startKeyword</method>
  <thread>1</thread>
  <message>Start action : City = driver.findElement(By.xpath(\&amp;quot;(.//*[normalize-space(text()) and normalize-space(.)=&amp;apos;*&amp;apos;])[7]/following::input[1]\&amp;quot;))</message>
  <nestedLevel>1</nestedLevel>
  <property name="startLine">92</property>
  <property name="stepIndex">51</property>
</record>
<record>
  <date>2019-09-11T09:59:20</date>
  <millis>1568210360387</millis>
  <sequence>109</sequence>
  <level>END</level>
  <class>com.kms.katalon.core.logging.XmlKeywordLogger</class>
  <method>endKeyword</method>
  <thread>1</thread>
  <message>End action : City = driver.findElement(By.xpath(\&amp;quot;(.//*[normalize-space(text()) and normalize-space(.)=&amp;apos;*&amp;apos;])[7]/following::input[1]\&amp;quot;))</message>
  <nestedLevel>1</nestedLevel>
</record>
<record>
  <date>2019-09-11T09:59:20</date>
  <millis>1568210360387</millis>
  <sequence>110</sequence>
  <level>START</level>
  <class>com.kms.katalon.core.logging.XmlKeywordLogger</class>
  <method>startKeyword</method>
  <thread>1</thread>
  <message>Start action : City.sendKeys(\&amp;quot;Rockville\&amp;quot;)</message>
  <nestedLevel>1</nestedLevel>
  <property name="startLine">93</property>
  <property name="stepIndex">52</property>
</record>
<record>
  <date>2019-09-11T09:59:20</date>
  <millis>1568210360579</millis>
  <sequence>111</sequence>
  <level>END</level>
  <class>com.kms.katalon.core.logging.XmlKeywordLogger</class>
  <method>endKeyword</method>
  <thread>1</thread>
  <message>End action : City.sendKeys(\&amp;quot;Rockville\&amp;quot;)</message>
  <nestedLevel>1</nestedLevel>
</record>
<record>
  <date>2019-09-11T09:59:20</date>
  <millis>1568210360579</millis>
  <sequence>112</sequence>
  <level>START</level>
  <class>com.kms.katalon.core.logging.XmlKeywordLogger</class>
  <method>startKeyword</method>
  <thread>1</thread>
  <message>Start action : State = driver.findElement(By.xpath(\&amp;quot;(.//*[normalize-space(text()) and normalize-space(.)=&amp;apos;*&amp;apos;])[6]/following::a[1]\&amp;quot;))</message>
  <nestedLevel>1</nestedLevel>
  <property name="startLine">95</property>
  <property name="stepIndex">53</property>
</record>
<record>
  <date>2019-09-11T09:59:20</date>
  <millis>1568210360595</millis>
  <sequence>113</sequence>
  <level>END</level>
  <class>com.kms.katalon.core.logging.XmlKeywordLogger</class>
  <method>endKeyword</method>
  <thread>1</thread>
  <message>End action : State = driver.findElement(By.xpath(\&amp;quot;(.//*[normalize-space(text()) and normalize-space(.)=&amp;apos;*&amp;apos;])[6]/following::a[1]\&amp;quot;))</message>
  <nestedLevel>1</nestedLevel>
</record>
<record>
  <date>2019-09-11T09:59:20</date>
  <millis>1568210360596</millis>
  <sequence>114</sequence>
  <level>START</level>
  <class>com.kms.katalon.core.logging.XmlKeywordLogger</class>
  <method>startKeyword</method>
  <thread>1</thread>
  <message>Start action : State.sendKeys(\&amp;quot;MD\&amp;quot;, ENTER)</message>
  <nestedLevel>1</nestedLevel>
  <property name="startLine">96</property>
  <property name="stepIndex">54</property>
</record>
<record>
  <date>2019-09-11T09:59:20</date>
  <millis>1568210360745</millis>
  <sequence>115</sequence>
  <level>END</level>
  <class>com.kms.katalon.core.logging.XmlKeywordLogger</class>
  <method>endKeyword</method>
  <thread>1</thread>
  <message>End action : State.sendKeys(\&amp;quot;MD\&amp;quot;, ENTER)</message>
  <nestedLevel>1</nestedLevel>
</record>
<record>
  <date>2019-09-11T09:59:20</date>
  <millis>1568210360745</millis>
  <sequence>116</sequence>
  <level>START</level>
  <class>com.kms.katalon.core.logging.XmlKeywordLogger</class>
  <method>startKeyword</method>
  <thread>1</thread>
  <message>Start action : County0 = driver.findElement(By.xpath(\&amp;quot;(.//*[normalize-space(text()) and normalize-space(.)=&amp;apos;County&amp;apos;])[1]/following::input[1]\&amp;quot;))</message>
  <nestedLevel>1</nestedLevel>
  <property name="startLine">98</property>
  <property name="stepIndex">55</property>
</record>
<record>
  <date>2019-09-11T09:59:20</date>
  <millis>1568210360764</millis>
  <sequence>117</sequence>
  <level>END</level>
  <class>com.kms.katalon.core.logging.XmlKeywordLogger</class>
  <method>endKeyword</method>
  <thread>1</thread>
  <message>End action : County0 = driver.findElement(By.xpath(\&amp;quot;(.//*[normalize-space(text()) and normalize-space(.)=&amp;apos;County&amp;apos;])[1]/following::input[1]\&amp;quot;))</message>
  <nestedLevel>1</nestedLevel>
</record>
<record>
  <date>2019-09-11T09:59:20</date>
  <millis>1568210360765</millis>
  <sequence>118</sequence>
  <level>START</level>
  <class>com.kms.katalon.core.logging.XmlKeywordLogger</class>
  <method>startKeyword</method>
  <thread>1</thread>
  <message>Start action : County0.sendKeys(\&amp;quot;Montgomery\&amp;quot;)</message>
  <nestedLevel>1</nestedLevel>
  <property name="startLine">99</property>
  <property name="stepIndex">56</property>
</record>
<record>
  <date>2019-09-11T09:59:20</date>
  <millis>1568210360938</millis>
  <sequence>119</sequence>
  <level>END</level>
  <class>com.kms.katalon.core.logging.XmlKeywordLogger</class>
  <method>endKeyword</method>
  <thread>1</thread>
  <message>End action : County0.sendKeys(\&amp;quot;Montgomery\&amp;quot;)</message>
  <nestedLevel>1</nestedLevel>
</record>
<record>
  <date>2019-09-11T09:59:20</date>
  <millis>1568210360938</millis>
  <sequence>120</sequence>
  <level>START</level>
  <class>com.kms.katalon.core.logging.XmlKeywordLogger</class>
  <method>startKeyword</method>
  <thread>1</thread>
  <message>Start action : County1 = driver.findElement(By.xpath(\&amp;quot;(.//*[normalize-space(text()) and normalize-space(.)=&amp;apos;CS_County&amp;apos;])[1]/following::input[1]\&amp;quot;))</message>
  <nestedLevel>1</nestedLevel>
  <property name="startLine">101</property>
  <property name="stepIndex">57</property>
</record>
<record>
  <date>2019-09-11T09:59:20</date>
  <millis>1568210360955</millis>
  <sequence>121</sequence>
  <level>END</level>
  <class>com.kms.katalon.core.logging.XmlKeywordLogger</class>
  <method>endKeyword</method>
  <thread>1</thread>
  <message>End action : County1 = driver.findElement(By.xpath(\&amp;quot;(.//*[normalize-space(text()) and normalize-space(.)=&amp;apos;CS_County&amp;apos;])[1]/following::input[1]\&amp;quot;))</message>
  <nestedLevel>1</nestedLevel>
</record>
<record>
  <date>2019-09-11T09:59:20</date>
  <millis>1568210360956</millis>
  <sequence>122</sequence>
  <level>START</level>
  <class>com.kms.katalon.core.logging.XmlKeywordLogger</class>
  <method>startKeyword</method>
  <thread>1</thread>
  <message>Start action : County1.sendKeys(\&amp;quot;Montgomery\&amp;quot;, TAB, TAB, TAB, \&amp;quot;AVENUE, AVE\&amp;quot;, ENTER)</message>
  <nestedLevel>1</nestedLevel>
  <property name="startLine">102</property>
  <property name="stepIndex">58</property>
</record>
<record>
  <date>2019-09-11T09:59:21</date>
  <millis>1568210361518</millis>
  <sequence>123</sequence>
  <level>END</level>
  <class>com.kms.katalon.core.logging.XmlKeywordLogger</class>
  <method>endKeyword</method>
  <thread>1</thread>
  <message>End action : County1.sendKeys(\&amp;quot;Montgomery\&amp;quot;, TAB, TAB, TAB, \&amp;quot;AVENUE, AVE\&amp;quot;, ENTER)</message>
  <nestedLevel>1</nestedLevel>
</record>
<record>
  <date>2019-09-11T09:59:21</date>
  <millis>1568210361519</millis>
  <sequence>124</sequence>
  <level>START</level>
  <class>com.kms.katalon.core.logging.XmlKeywordLogger</class>
  <method>startKeyword</method>
  <thread>1</thread>
  <message>Start action : Thread.sleep(3000)</message>
  <nestedLevel>1</nestedLevel>
  <property name="startLine">104</property>
  <property name="stepIndex">59</property>
</record>
<record>
  <date>2019-09-11T09:59:24</date>
  <millis>1568210364520</millis>
  <sequence>125</sequence>
  <level>END</level>
  <class>com.kms.katalon.core.logging.XmlKeywordLogger</class>
  <method>endKeyword</method>
  <thread>1</thread>
  <message>End action : Thread.sleep(3000)</message>
  <nestedLevel>1</nestedLevel>
</record>
<record>
  <date>2019-09-11T09:59:24</date>
  <millis>1568210364520</millis>
  <sequence>126</sequence>
  <level>START</level>
  <class>com.kms.katalon.core.logging.XmlKeywordLogger</class>
  <method>startKeyword</method>
  <thread>1</thread>
  <message>Start action : Primary_Jurisdiction = driver.findElement(By.xpath(\&amp;quot;(.//*[normalize-space(text()) and normalize-space(.)=&amp;apos;Primary Service Jurisdiction&amp;apos;])[1]/following::a[1]\&amp;quot;))</message>
  <nestedLevel>1</nestedLevel>
  <property name="startLine">106</property>
  <property name="stepIndex">60</property>
</record>
<record>
  <date>2019-09-11T09:59:24</date>
  <millis>1568210364545</millis>
  <sequence>127</sequence>
  <level>END</level>
  <class>com.kms.katalon.core.logging.XmlKeywordLogger</class>
  <method>endKeyword</method>
  <thread>1</thread>
  <message>End action : Primary_Jurisdiction = driver.findElement(By.xpath(\&amp;quot;(.//*[normalize-space(text()) and normalize-space(.)=&amp;apos;Primary Service Jurisdiction&amp;apos;])[1]/following::a[1]\&amp;quot;))</message>
  <nestedLevel>1</nestedLevel>
</record>
<record>
  <date>2019-09-11T09:59:24</date>
  <millis>1568210364545</millis>
  <sequence>128</sequence>
  <level>START</level>
  <class>com.kms.katalon.core.logging.XmlKeywordLogger</class>
  <method>startKeyword</method>
  <thread>1</thread>
  <message>Start action : Primary_Jurisdiction.sendKeys(\&amp;quot;BRIGHT\&amp;quot;, ENTER, TAB, TAB, \&amp;quot;BRIGHT\&amp;quot;, ENTER)</message>
  <nestedLevel>1</nestedLevel>
  <property name="startLine">107</property>
  <property name="stepIndex">61</property>
</record>
<record>
  <date>2019-09-11T09:59:24</date>
  <millis>1568210364950</millis>
  <sequence>129</sequence>
  <level>END</level>
  <class>com.kms.katalon.core.logging.XmlKeywordLogger</class>
  <method>endKeyword</method>
  <thread>1</thread>
  <message>End action : Primary_Jurisdiction.sendKeys(\&amp;quot;BRIGHT\&amp;quot;, ENTER, TAB, TAB, \&amp;quot;BRIGHT\&amp;quot;, ENTER)</message>
  <nestedLevel>1</nestedLevel>
</record>
<record>
  <date>2019-09-11T09:59:24</date>
  <millis>1568210364950</millis>
  <sequence>130</sequence>
  <level>START</level>
  <class>com.kms.katalon.core.logging.XmlKeywordLogger</class>
  <method>startKeyword</method>
  <thread>1</thread>
  <message>Start action : Save = driver.findElement(By.xpath(\&amp;quot;(.//*[normalize-space(text()) and normalize-space(.)=&amp;apos;Save &amp;amp; New&amp;apos;])[1]/following::button[1]\&amp;quot;))</message>
  <nestedLevel>1</nestedLevel>
  <property name="startLine">109</property>
  <property name="stepIndex">62</property>
</record>
<record>
  <date>2019-09-11T09:59:24</date>
  <millis>1568210364970</millis>
  <sequence>131</sequence>
  <level>END</level>
  <class>com.kms.katalon.core.logging.XmlKeywordLogger</class>
  <method>endKeyword</method>
  <thread>1</thread>
  <message>End action : Save = driver.findElement(By.xpath(\&amp;quot;(.//*[normalize-space(text()) and normalize-space(.)=&amp;apos;Save &amp;amp; New&amp;apos;])[1]/following::button[1]\&amp;quot;))</message>
  <nestedLevel>1</nestedLevel>
</record>
<record>
  <date>2019-09-11T09:59:24</date>
  <millis>1568210364970</millis>
  <sequence>132</sequence>
  <level>START</level>
  <class>com.kms.katalon.core.logging.XmlKeywordLogger</class>
  <method>startKeyword</method>
  <thread>1</thread>
  <message>Start action : Save.click()</message>
  <nestedLevel>1</nestedLevel>
  <property name="startLine">110</property>
  <property name="stepIndex">63</property>
</record>
<record>
  <date>2019-09-11T09:59:25</date>
  <millis>1568210365094</millis>
  <sequence>133</sequence>
  <level>END</level>
  <class>com.kms.katalon.core.logging.XmlKeywordLogger</class>
  <method>endKeyword</method>
  <thread>1</thread>
  <message>End action : Save.click()</message>
  <nestedLevel>1</nestedLevel>
</record>
<record>
  <date>2019-09-11T09:59:25</date>
  <millis>1568210365094</millis>
  <sequence>134</sequence>
  <level>START</level>
  <class>com.kms.katalon.core.logging.XmlKeywordLogger</class>
  <method>startKeyword</method>
  <thread>1</thread>
  <message>Start action : timeouts().implicitlyWait(15, SECONDS)</message>
  <nestedLevel>1</nestedLevel>
  <property name="startLine">112</property>
  <property name="stepIndex">64</property>
</record>
<record>
  <date>2019-09-11T09:59:25</date>
  <millis>1568210365097</millis>
  <sequence>135</sequence>
  <level>END</level>
  <class>com.kms.katalon.core.logging.XmlKeywordLogger</class>
  <method>endKeyword</method>
  <thread>1</thread>
  <message>End action : timeouts().implicitlyWait(15, SECONDS)</message>
  <nestedLevel>1</nestedLevel>
</record>
<record>
  <date>2019-09-11T09:59:25</date>
  <millis>1568210365097</millis>
  <sequence>136</sequence>
  <level>START</level>
  <class>com.kms.katalon.core.logging.XmlKeywordLogger</class>
  <method>startKeyword</method>
  <thread>1</thread>
  <message>Start action : Thread.sleep(5000)</message>
  <nestedLevel>1</nestedLevel>
  <property name="startLine">113</property>
  <property name="stepIndex">65</property>
</record>
<record>
  <date>2019-09-11T09:59:30</date>
  <millis>1568210370097</millis>
  <sequence>137</sequence>
  <level>END</level>
  <class>com.kms.katalon.core.logging.XmlKeywordLogger</class>
  <method>endKeyword</method>
  <thread>1</thread>
  <message>End action : Thread.sleep(5000)</message>
  <nestedLevel>1</nestedLevel>
</record>
<record>
  <date>2019-09-11T09:59:30</date>
  <millis>1568210370097</millis>
  <sequence>138</sequence>
  <level>START</level>
  <class>com.kms.katalon.core.logging.XmlKeywordLogger</class>
  <method>startKeyword</method>
  <thread>1</thread>
  <message>Start action : iframe = driver.findElement(By.xpath(\&amp;quot;(.//*[normalize-space(text()) and normalize-space(.)=&amp;apos;Help&amp;apos;])[1]/following::iframe[1]\&amp;quot;))</message>
  <nestedLevel>1</nestedLevel>
  <property name="startLine">115</property>
  <property name="stepIndex">66</property>
</record>
<record>
  <date>2019-09-11T09:59:30</date>
  <millis>1568210370122</millis>
  <sequence>139</sequence>
  <level>END</level>
  <class>com.kms.katalon.core.logging.XmlKeywordLogger</class>
  <method>endKeyword</method>
  <thread>1</thread>
  <message>End action : iframe = driver.findElement(By.xpath(\&amp;quot;(.//*[normalize-space(text()) and normalize-space(.)=&amp;apos;Help&amp;apos;])[1]/following::iframe[1]\&amp;quot;))</message>
  <nestedLevel>1</nestedLevel>
</record>
<record>
  <date>2019-09-11T09:59:30</date>
  <millis>1568210370122</millis>
  <sequence>140</sequence>
  <level>START</level>
  <class>com.kms.katalon.core.logging.XmlKeywordLogger</class>
  <method>startKeyword</method>
  <thread>1</thread>
  <message>Start action : switchTo().frame(iframe)</message>
  <nestedLevel>1</nestedLevel>
  <property name="startLine">116</property>
  <property name="stepIndex">67</property>
</record>
<record>
  <date>2019-09-11T09:59:30</date>
  <millis>1568210370152</millis>
  <sequence>141</sequence>
  <level>END</level>
  <class>com.kms.katalon.core.logging.XmlKeywordLogger</class>
  <method>endKeyword</method>
  <thread>1</thread>
  <message>End action : switchTo().frame(iframe)</message>
  <nestedLevel>1</nestedLevel>
</record>
<record>
  <date>2019-09-11T09:59:30</date>
  <millis>1568210370153</millis>
  <sequence>142</sequence>
  <level>START</level>
  <class>com.kms.katalon.core.logging.XmlKeywordLogger</class>
  <method>startKeyword</method>
  <thread>1</thread>
  <message>Start action : Thread.sleep(2000)</message>
  <nestedLevel>1</nestedLevel>
  <property name="startLine">117</property>
  <property name="stepIndex">68</property>
</record>
<record>
  <date>2019-09-11T09:59:32</date>
  <millis>1568210372154</millis>
  <sequence>143</sequence>
  <level>END</level>
  <class>com.kms.katalon.core.logging.XmlKeywordLogger</class>
  <method>endKeyword</method>
  <thread>1</thread>
  <message>End action : Thread.sleep(2000)</message>
  <nestedLevel>1</nestedLevel>
</record>
<record>
  <date>2019-09-11T09:59:32</date>
  <millis>1568210372154</millis>
  <sequence>144</sequence>
  <level>START</level>
  <class>com.kms.katalon.core.logging.XmlKeywordLogger</class>
  <method>startKeyword</method>
  <thread>1</thread>
  <message>Start action : MailingAddress = driver.findElement(By.xpath(\&amp;quot;(.//*[normalize-space(text()) and normalize-space(.)=&amp;apos;Mailing Address&amp;apos;])[1]/following::input[1]\&amp;quot;))</message>
  <nestedLevel>1</nestedLevel>
  <property name="startLine">118</property>
  <property name="stepIndex">69</property>
</record>
<record>
  <date>2019-09-11T09:59:32</date>
  <millis>1568210372173</millis>
  <sequence>145</sequence>
  <level>END</level>
  <class>com.kms.katalon.core.logging.XmlKeywordLogger</class>
  <method>endKeyword</method>
  <thread>1</thread>
  <message>End action : MailingAddress = driver.findElement(By.xpath(\&amp;quot;(.//*[normalize-space(text()) and normalize-space(.)=&amp;apos;Mailing Address&amp;apos;])[1]/following::input[1]\&amp;quot;))</message>
  <nestedLevel>1</nestedLevel>
</record>
<record>
  <date>2019-09-11T09:59:32</date>
  <millis>1568210372174</millis>
  <sequence>146</sequence>
  <level>START</level>
  <class>com.kms.katalon.core.logging.XmlKeywordLogger</class>
  <method>startKeyword</method>
  <thread>1</thread>
  <message>Start action : MailingAddress.sendKeys(TAB, TAB, ENTER)</message>
  <nestedLevel>1</nestedLevel>
  <property name="startLine">119</property>
  <property name="stepIndex">70</property>
</record>
<record>
  <date>2019-09-11T09:59:32</date>
  <millis>1568210372239</millis>
  <sequence>147</sequence>
  <level>END</level>
  <class>com.kms.katalon.core.logging.XmlKeywordLogger</class>
  <method>endKeyword</method>
  <thread>1</thread>
  <message>End action : MailingAddress.sendKeys(TAB, TAB, ENTER)</message>
  <nestedLevel>1</nestedLevel>
</record>
<record>
  <date>2019-09-11T09:59:32</date>
  <millis>1568210372239</millis>
  <sequence>148</sequence>
  <level>START</level>
  <class>com.kms.katalon.core.logging.XmlKeywordLogger</class>
  <method>startKeyword</method>
  <thread>1</thread>
  <message>Start action : WebDriverWait(driver, 10).until(ExpectedConditions.frameToBeAvailableAndSwitchToIt(By.xpath(\&amp;quot;(.//*[normalize-space(text()) and normalize-space(.)=&amp;apos;Cancel&amp;apos;])[1]/following::iframe[2]\&amp;quot;)))</message>
  <nestedLevel>1</nestedLevel>
  <property name="startLine">121</property>
  <property name="stepIndex">71</property>
</record>
<record>
  <date>2019-09-11T09:59:47</date>
  <millis>1568210387303</millis>
  <sequence>149</sequence>
  <level>END</level>
  <class>com.kms.katalon.core.logging.XmlKeywordLogger</class>
  <method>endKeyword</method>
  <thread>1</thread>
  <message>End action : WebDriverWait(driver, 10).until(ExpectedConditions.frameToBeAvailableAndSwitchToIt(By.xpath(\&amp;quot;(.//*[normalize-space(text()) and normalize-space(.)=&amp;apos;Cancel&amp;apos;])[1]/following::iframe[2]\&amp;quot;)))</message>
  <nestedLevel>1</nestedLevel>
</record>
<record>
  <date>2019-09-11T09:59:47</date>
  <millis>1568210387308</millis>
  <sequence>152</sequence>
  <level>ERROR</level>
  <class>com.kms.katalon.core.logging.XmlKeywordLogger</class>
  <method>logMessage</method>
  <thread>1</thread>
  <message>Test Cases/Lightning Create a Business Account FAILED.\nReason:\norg.openqa.selenium.TimeoutException: Expected condition failed: waiting for frame to be available: By.xpath: (.//*[normalize-space(text()) and normalize-space(.)=&amp;apos;Cancel&amp;apos;])[1]/following::iframe[2] (tried for 10 second(s) with 500 milliseconds interval)\r\n\tat org.openqa.selenium.support.ui.WebDriverWait.timeoutException(WebDriverWait.java:95)\r\n\tat org.openqa.selenium.support.ui.FluentWait.until(FluentWait.java:272)\r\n\tat org.openqa.selenium.support.ui.Wait$until.call(Unknown Source)\r\n\tat Lightning Create a Business Account.run(Lightning Create a Business Account:121)\r\n\tat com.kms.katalon.core.main.ScriptEngine.run(ScriptEngine.java:194)\r\n\tat com.kms.katalon.core.main.ScriptEngine.runScriptAsRawText(ScriptEngine.java:119)\r\n\tat com.kms.katalon.core.main.TestCaseExecutor.runScript(TestCaseExecutor.java:337)\r\n\tat com.kms.katalon.core.main.TestCaseExecutor.doExecute(TestCaseExecutor.java:328)\r\n\tat com.kms.katalon.core.main.TestCaseExecutor.processExecutionPhase(TestCaseExecutor.java:307)\r\n\tat com.kms.katalon.core.main.TestCaseExecutor.accessMainPhase(TestCaseExecutor.java:299)\r\n\tat com.kms.katalon.core.main.TestCaseExecutor.execute(TestCaseExecutor.java:233)\r\n\tat com.kms.katalon.core.main.TestSuiteExecutor.accessTestCaseMainPhase(TestSuiteExecutor.java:169)\r\n\tat com.kms.katalon.core.main.TestSuiteExecutor.accessTestSuiteMainPhase(TestSuiteExecutor.java:142)\r\n\tat com.kms.katalon.core.main.TestSuiteExecutor.execute(TestSuiteExecutor.java:91)\r\n\tat com.kms.katalon.core.main.TestCaseMain.startTestSuite(TestCaseMain.java:157)\r\n\tat com.kms.katalon.core.main.TestCaseMain$startTestSuite$0.call(Unknown Source)\r\n\tat TempTestSuite1568210335460.run(TempTestSuite1568210335460.groovy:35)\r\nCaused by: org.openqa.selenium.NoSuchElementException: no such element: Unable to locate element: {\&amp;quot;method\&amp;quot;:\&amp;quot;xpath\&amp;quot;,\&amp;quot;selector\&amp;quot;:\&amp;quot;(.//*[normalize-space(text()) and normalize-space(.)=&amp;apos;Cancel&amp;apos;])[1]/following::iframe[2]\&amp;quot;}\n  (Session info: chrome=76.0.3809.132)\nFor documentation on this error, please visit: https://www.seleniumhq.org/exceptions/no_such_element.html\nBuild info: version: &amp;apos;3.141.59&amp;apos;, revision: &amp;apos;e82be7d358&amp;apos;, time: &amp;apos;2018-11-14T08:25:53&amp;apos;\nSystem info: host: &amp;apos;TESSEMAT-WL01&amp;apos;, ip: &amp;apos;10.26.72.197&amp;apos;, os.name: &amp;apos;Windows 10&amp;apos;, os.arch: &amp;apos;amd64&amp;apos;, os.version: &amp;apos;10.0&amp;apos;, java.version: &amp;apos;1.8.0_181&amp;apos;\nDriver info: org.openqa.selenium.chrome.ChromeDriver\nCapabilities {acceptInsecureCerts: false, browserName: chrome, browserVersion: 76.0.3809.132, chrome: {chromedriverVersion: 76.0.3809.12 (220b19a666554..., userDataDir: C:\\Users\\TessemaT\\AppData\\L...}, goog:chromeOptions: {debuggerAddress: localhost:59699}, javascriptEnabled: true, networkConnectionEnabled: false, pageLoadStrategy: normal, platform: XP, platformName: XP, proxy: Proxy(), setWindowRect: true, strictFileInteractability: false, timeouts: {implicit: 0, pageLoad: 300000, script: 30000}, unhandledPromptBehavior: dismiss and notify}\nSession ID: 90213bcded04b8847988b3a9e7783750\n*** Element info: {Using=xpath, value=(.//*[normalize-space(text()) and normalize-space(.)=&amp;apos;Cancel&amp;apos;])[1]/following::iframe[2]}\r\n\tat org.openqa.selenium.remote.http.W3CHttpResponseCodec.createException(W3CHttpResponseCodec.java:187)\r\n\tat org.openqa.selenium.remote.http.W3CHttpResponseCodec.decode(W3CHttpResponseCodec.java:122)\r\n\tat org.openqa.selenium.remote.http.W3CHttpResponseCodec.decode(W3CHttpResponseCodec.java:49)\r\n\tat org.openqa.selenium.remote.HttpCommandExecutor.execute(HttpCommandExecutor.java:158)\r\n\tat org.openqa.selenium.remote.service.DriverCommandExecutor.execute(DriverCommandExecutor.java:83)\r\n\tat org.openqa.selenium.remote.RemoteWebDriver.execute(RemoteWebDriver.java:552)\r\n\tat org.openqa.selenium.remote.RemoteWebDriver.findElement(RemoteWebDriver.java:323)\r\n\tat org.openqa.selenium.remote.RemoteWebDriver.findElementByXPath(RemoteWebDriver.java:428)\r\n\tat org.openqa.selenium.By$ByXPath.findElement(By.java:353)\r\n\tat org.openqa.selenium.remote.RemoteWebDriver.findElement(RemoteWebDriver.java:315)\r\n\tat org.openqa.selenium.support.ui.ExpectedConditions$17.apply(ExpectedConditions.java:501)\r\n\tat org.openqa.selenium.support.ui.ExpectedConditions$17.apply(ExpectedConditions.java:497)\r\n\tat org.openqa.selenium.support.ui.FluentWait.until(FluentWait.java:249)\r\n\tat org.openqa.selenium.support.ui.Wait$until.call(Unknown Source)\r\n\tat Script1568162731668.run(Script1568162731668.groovy:121)\r\n\t... 13 more\r\n</message>
  <exception>
    <message>org.openqa.selenium.TimeoutException: Expected condition failed: waiting for frame to be available: By.xpath: (.//*[normalize-space(text()) and normalize-space(.)='Cancel'])[1]/following::iframe[2] (tried for 10 second(s) with 500 milliseconds interval)</message>
    <frame>
      <class>org.openqa.selenium.support.ui.WebDriverWait</class>
      <method>timeoutException</method>
      <line>95</line>
    </frame>
    <frame>
      <class>org.openqa.selenium.support.ui.FluentWait</class>
      <method>until</method>
      <line>272</line>
    </frame>
    <frame>
      <class>org.openqa.selenium.support.ui.Wait$until</class>
      <method>call</method>
    </frame>
    <frame>
      <class>Lightning Create a Business Account</class>
      <method>run</method>
      <line>121</line>
    </frame>
    <frame>
      <class>com.kms.katalon.core.main.ScriptEngine</class>
      <method>run</method>
      <line>194</line>
    </frame>
    <frame>
      <class>com.kms.katalon.core.main.ScriptEngine</class>
      <method>runScriptAsRawText</method>
      <line>119</line>
    </frame>
    <frame>
      <class>com.kms.katalon.core.main.TestCaseExecutor</class>
      <method>runScript</method>
      <line>337</line>
    </frame>
    <frame>
      <class>com.kms.katalon.core.main.TestCaseExecutor</class>
      <method>doExecute</method>
      <line>328</line>
    </frame>
    <frame>
      <class>com.kms.katalon.core.main.TestCaseExecutor</class>
      <method>processExecutionPhase</method>
      <line>307</line>
    </frame>
    <frame>
      <class>com.kms.katalon.core.main.TestCaseExecutor</class>
      <method>accessMainPhase</method>
      <line>299</line>
    </frame>
    <frame>
      <class>com.kms.katalon.core.main.TestCaseExecutor</class>
      <method>execute</method>
      <line>233</line>
    </frame>
    <frame>
      <class>com.kms.katalon.core.main.TestSuiteExecutor</class>
      <method>accessTestCaseMainPhase</method>
      <line>169</line>
    </frame>
    <frame>
      <class>com.kms.katalon.core.main.TestSuiteExecutor</class>
      <method>accessTestSuiteMainPhase</method>
      <line>142</line>
    </frame>
    <frame>
      <class>com.kms.katalon.core.main.TestSuiteExecutor</class>
      <method>execute</method>
      <line>91</line>
    </frame>
    <frame>
      <class>com.kms.katalon.core.main.TestCaseMain</class>
      <method>startTestSuite</method>
      <line>157</line>
    </frame>
    <frame>
      <class>com.kms.katalon.core.main.TestCaseMain$startTestSuite$0</class>
      <method>call</method>
    </frame>
    <frame>
      <class>TempTestSuite1568210335460</class>
      <method>run</method>
      <line>35</line>
    </frame>
  </exception>
  <nestedLevel>0</nestedLevel>
  <property name="failed.exception.stacktrace">org.openqa.selenium.NoSuchElementException: no such element: Unable to locate element: {\&quot;method\&quot;:\&quot;xpath\&quot;,\&quot;selector\&quot;:\&quot;(.//*[normalize-space(text()) and normalize-space(.)=&apos;Cancel&apos;])[1]/following::iframe[2]\&quot;}\n  (Session info: chrome=76.0.3809.132)\nFor documentation on this error, please visit: https://www.seleniumhq.org/exceptions/no_such_element.html\nBuild info: version: &apos;3.141.59&apos;, revision: &apos;e82be7d358&apos;, time: &apos;2018-11-14T08:25:53&apos;\nSystem info: host: &apos;TESSEMAT-WL01&apos;, ip: &apos;10.26.72.197&apos;, os.name: &apos;Windows 10&apos;, os.arch: &apos;amd64&apos;, os.version: &apos;10.0&apos;, java.version: &apos;1.8.0_181&apos;\nDriver info: org.openqa.selenium.chrome.ChromeDriver\nCapabilities {acceptInsecureCerts: false, browserName: chrome, browserVersion: 76.0.3809.132, chrome: {chromedriverVersion: 76.0.3809.12 (220b19a666554..., userDataDir: C:\\Users\\TessemaT\\AppData\\L...}, goog:chromeOptions: {debuggerAddress: localhost:59699}, javascriptEnabled: true, networkConnectionEnabled: false, pageLoadStrategy: normal, platform: XP, platformName: XP, proxy: Proxy(), setWindowRect: true, strictFileInteractability: false, timeouts: {implicit: 0, pageLoad: 300000, script: 30000}, unhandledPromptBehavior: dismiss and notify}\nSession ID: 90213bcded04b8847988b3a9e7783750\n*** Element info: {Using=xpath, value=(.//*[normalize-space(text()) and normalize-space(.)=&apos;Cancel&apos;])[1]/following::iframe[2]}\r\n\tat org.openqa.selenium.remote.http.W3CHttpResponseCodec.createException(W3CHttpResponseCodec.java:187)\r\n\tat org.openqa.selenium.remote.http.W3CHttpResponseCodec.decode(W3CHttpResponseCodec.java:122)\r\n\tat org.openqa.selenium.remote.http.W3CHttpResponseCodec.decode(W3CHttpResponseCodec.java:49)\r\n\tat org.openqa.selenium.remote.HttpCommandExecutor.execute(HttpCommandExecutor.java:158)\r\n\tat org.openqa.selenium.remote.service.DriverCommandExecutor.execute(DriverCommandExecutor.java:83)\r\n\tat org.openqa.selenium.remote.RemoteWebDriver.execute(RemoteWebDriver.java:552)\r\n\tat org.openqa.selenium.remote.RemoteWebDriver.findElement(RemoteWebDriver.java:323)\r\n\tat org.openqa.selenium.remote.RemoteWebDriver.findElementByXPath(RemoteWebDriver.java:428)\r\n\tat org.openqa.selenium.By$ByXPath.findElement(By.java:353)\r\n\tat org.openqa.selenium.remote.RemoteWebDriver.findElement(RemoteWebDriver.java:315)\r\n\tat org.openqa.selenium.support.ui.ExpectedConditions$17.apply(ExpectedConditions.java:501)\r\n\tat org.openqa.selenium.support.ui.ExpectedConditions$17.apply(ExpectedConditions.java:497)\r\n\tat org.openqa.selenium.support.ui.FluentWait.until(FluentWait.java:249)\r\n\tat org.openqa.selenium.support.ui.Wait$until.call(Unknown Source)\r\n\tat Lightning Create a Business Account.run(Lightning Create a Business Account:121)\r\n\tat com.kms.katalon.core.main.ScriptEngine.run(ScriptEngine.java:194)\r\n\tat com.kms.katalon.core.main.ScriptEngine.runScriptAsRawText(ScriptEngine.java:119)\r\n\tat com.kms.katalon.core.main.TestCaseExecutor.runScript(TestCaseExecutor.java:337)\r\n\tat com.kms.katalon.core.main.TestCaseExecutor.doExecute(TestCaseExecutor.java:328)\r\n\tat com.kms.katalon.core.main.TestCaseExecutor.processExecutionPhase(TestCaseExecutor.java:307)\r\n\tat com.kms.katalon.core.main.TestCaseExecutor.accessMainPhase(TestCaseExecutor.java:299)\r\n\tat com.kms.katalon.core.main.TestCaseExecutor.execute(TestCaseExecutor.java:233)\r\n\tat com.kms.katalon.core.main.TestSuiteExecutor.accessTestCaseMainPhase(TestSuiteExecutor.java:169)\r\n\tat com.kms.katalon.core.main.TestSuiteExecutor.accessTestSuiteMainPhase(TestSuiteExecutor.java:142)\r\n\tat com.kms.katalon.core.main.TestSuiteExecutor.execute(TestSuiteExecutor.java:91)\r\n\tat com.kms.katalon.core.main.TestCaseMain.startTestSuite(TestCaseMain.java:157)\r\n\tat com.kms.katalon.core.main.TestCaseMain$startTestSuite$0.call(Unknown Source)\r\n\tat TempTestSuite1568210335460.run(TempTestSuite1568210335460.groovy:35)\r\n</property>
  <property name="failed.exception.class">org.openqa.selenium.NoSuchElementException</property>
  <property name="failed.exception.message">no such element: Unable to locate element: {\&quot;method\&quot;:\&quot;xpath\&quot;,\&quot;selector\&quot;:\&quot;(.//*[normalize-space(text()) and normalize-space(.)=&apos;Cancel&apos;])[1]/following::iframe[2]\&quot;}\n  (Session info: chrome=76.0.3809.132)\nFor documentation on this error, please visit: https://www.seleniumhq.org/exceptions/no_such_element.html\nBuild info: version: &apos;3.141.59&apos;, revision: &apos;e82be7d358&apos;, time: &apos;2018-11-14T08:25:53&apos;\nSystem info: host: &apos;TESSEMAT-WL01&apos;, ip: &apos;10.26.72.197&apos;, os.name: &apos;Windows 10&apos;, os.arch: &apos;amd64&apos;, os.version: &apos;10.0&apos;, java.version: &apos;1.8.0_181&apos;\nDriver info: org.openqa.selenium.chrome.ChromeDriver\nCapabilities {acceptInsecureCerts: false, browserName: chrome, browserVersion: 76.0.3809.132, chrome: {chromedriverVersion: 76.0.3809.12 (220b19a666554..., userDataDir: C:\\Users\\TessemaT\\AppData\\L...}, goog:chromeOptions: {debuggerAddress: localhost:59699}, javascriptEnabled: true, networkConnectionEnabled: false, pageLoadStrategy: normal, platform: XP, platformName: XP, proxy: Proxy(), setWindowRect: true, strictFileInteractability: false, timeouts: {implicit: 0, pageLoad: 300000, script: 30000}, unhandledPromptBehavior: dismiss and notify}\nSession ID: 90213bcded04b8847988b3a9e7783750\n*** Element info: {Using=xpath, value=(.//*[normalize-space(text()) and normalize-space(.)=&apos;Cancel&apos;])[1]/following::iframe[2]}</property>
</record>
<record>
  <date>2019-09-11T09:59:47</date>
  <millis>1568210387308</millis>
  <sequence>154</sequence>
  <level>END</level>
  <class>com.kms.katalon.core.logging.XmlKeywordLogger</class>
  <method>endTest</method>
  <thread>1</thread>
  <message>End Test Case : Test Cases/Lightning Create a Business Account</message>
  <nestedLevel>0</nestedLevel>
</record>
<record>
  <date>2019-09-11T09:59:47</date>
  <millis>1568210387348</millis>
  <sequence>155</sequence>
  <level>END</level>
  <class>com.kms.katalon.core.logging.XmlKeywordLogger</class>
  <method>endSuite</method>
  <thread>1</thread>
  <message>End Test Suite : Test Suites/Salesforce Create Business Account</message>
  <nestedLevel>0</nestedLevel>
</record>
</log>
